INFO:root:Task title_ratings completed successfully.
ERROR:root:File not found at: C:\Users\iOLAPAcademy2023\Projects\meljuga-academy-python\Final\data\landing\title_ratings\2023-08-03.csv
INFO:root:Task title_ratings completed successfully.
ERROR:root:File not found at: C:\Users\iOLAPAcademy2023\Projects\meljuga-academy-python\Final\data\landing\title_ratings\2023-08-03.csv
INFO:root:Task title_ratings completed successfully.
ERROR:root:File not found at: C:\Users\iOLAPAcademy2023\Projects\meljuga-academy-python\Final\data\landing\title_ratings\2023-08-03.csv
INFO:root:Task title_ratings completed successfully.
ERROR:root:File not found at: C:\Users\iOLAPAcademy2023\Projects\meljuga-academy-python\Final\data\landing\title_ratings\2023-08-03.csv
INFO:root:Task title_crew completed successfully.
ERROR:root:File not found at: C:\Users\iOLAPAcademy2023\Projects\meljuga-academy-python\Final\data\landing\title_crew\2023-08-03.csv
INFO:root:Task title_crew completed successfully.
ERROR:root:File not found at: C:\Users\iOLAPAcademy2023\Projects\meljuga-academy-python\Final\data\landing\title_crew\2023-08-03.csv
INFO:root:Task title_crew completed successfully.
ERROR:root:File not found at: C:\Users\iOLAPAcademy2023\Projects\meljuga-academy-python\Final\data\landing\title_crew\2023-08-03.csv
INFO:root:Task title_crew completed successfully.
ERROR:root:File not found at: C:\Users\iOLAPAcademy2023\Projects\meljuga-academy-python\Final\data\landing\title_crew\2023-08-03.csv
INFO:root:Task name_basics completed successfully.
ERROR:root:File not found at: C:\Users\iOLAPAcademy2023\Projects\meljuga-academy-python\Final\data\landing\name_basics\2023-08-03.csv
INFO:root:Task name_basics completed successfully.
ERROR:root:File not found at: C:\Users\iOLAPAcademy2023\Projects\meljuga-academy-python\Final\data\landing\name_basics\2023-08-03.csv
INFO:root:Task name_basics completed successfully.
ERROR:root:File not found at: C:\Users\iOLAPAcademy2023\Projects\meljuga-academy-python\Final\data\landing\name_basics\2023-08-03.csv
INFO:root:Task name_basics completed successfully.
ERROR:root:File not found at: C:\Users\iOLAPAcademy2023\Projects\meljuga-academy-python\Final\data\landing\name_basics\2023-08-03.csv
INFO:root:Task name_basics completed successfully.
ERROR:root:File not found at: C:\Users\iOLAPAcademy2023\Projects\meljuga-academy-python\Final\data\landing\name_basics\2023-08-03.csv
INFO:root:Task name_basics completed successfully.
ERROR:root:File not found at: C:\Users\iOLAPAcademy2023\Projects\meljuga-academy-python\Final\data\landing\name_basics\2023-08-03.csv
INFO:root:Task name_basics completed successfully.
ERROR:root:File not found at: C:\Users\iOLAPAcademy2023\Projects\meljuga-academy-python\Final\data\landing\name_basics\2023-08-03.csv
INFO:root:Task name_basics completed successfully.
ERROR:root:File not found at: C:\Users\iOLAPAcademy2023\Projects\meljuga-academy-python\Final\data\landing\name_basics\2023-08-03.csv
INFO:root:Task name_basics completed successfully.
ERROR:root:File not found at: C:\Users\iOLAPAcademy2023\Projects\meljuga-academy-python\Final\data\landing\name_basics\2023-08-03.csv
INFO:root:Task title_basics completed successfully.
ERROR:root:File not found at: C:\Users\iOLAPAcademy2023\Projects\meljuga-academy-python\Final\data\landing\title_basics\2023-08-03.csv
INFO:root:Task title_basics completed successfully.
ERROR:root:File not found at: C:\Users\iOLAPAcademy2023\Projects\meljuga-academy-python\Final\data\landing\title_basics\2023-08-03.csv
INFO:root:Task title_basics completed successfully.
ERROR:root:File not found at: C:\Users\iOLAPAcademy2023\Projects\meljuga-academy-python\Final\data\landing\title_basics\2023-08-03.csv
INFO:root:Task title_basics completed successfully.
ERROR:root:File not found at: C:\Users\iOLAPAcademy2023\Projects\meljuga-academy-python\Final\data\landing\title_basics\2023-08-03.csv
INFO:root:Task title_principals completed successfully.
ERROR:root:File not found at: C:\Users\iOLAPAcademy2023\Projects\meljuga-academy-python\Final\data\landing\title_principals\2023-08-03.csv
INFO:root:Task title_principals completed successfully.
ERROR:root:File not found at: C:\Users\iOLAPAcademy2023\Projects\meljuga-academy-python\Final\data\landing\title_principals\2023-08-03.csv
INFO:root:Task title_principals completed successfully.
ERROR:root:File not found at: C:\Users\iOLAPAcademy2023\Projects\meljuga-academy-python\Final\data\landing\title_principals\2023-08-03.csv
INFO:root:Task title_principals completed successfully.
ERROR:root:File not found at: C:\Users\iOLAPAcademy2023\Projects\meljuga-academy-python\Final\data\landing\title_principals\2023-08-03.csv
INFO:root:Task title_principals completed successfully.
ERROR:root:File not found at: C:\Users\iOLAPAcademy2023\Projects\meljuga-academy-python\Final\data\landing\title_principals\2023-08-03.csv
INFO:root:Task title_principals completed successfully.
ERROR:root:File not found at: C:\Users\iOLAPAcademy2023\Projects\meljuga-academy-python\Final\data\landing\title_principals\2023-08-03.csv
INFO:root:Task title_principals completed successfully.
ERROR:root:File not found at: C:\Users\iOLAPAcademy2023\Projects\meljuga-academy-python\Final\data\landing\title_principals\2023-08-03.csv
INFO:root:Task title_principals completed successfully.
ERROR:root:File not found at: C:\Users\iOLAPAcademy2023\Projects\meljuga-academy-python\Final\data\landing\title_principals\2023-08-03.csv
INFO:root:Task title_principals completed successfully.
ERROR:root:File not found at: C:\Users\iOLAPAcademy2023\Projects\meljuga-academy-python\Final\data\landing\title_principals\2023-08-03.csv
INFO:root:Task title_principals completed successfully.
ERROR:root:File not found at: C:\Users\iOLAPAcademy2023\Projects\meljuga-academy-python\Final\data\landing\title_principals\2023-08-03.csv
INFO:root:Task title_principals completed successfully.
ERROR:root:File not found at: C:\Users\iOLAPAcademy2023\Projects\meljuga-academy-python\Final\data\landing\title_principals\2023-08-03.csv
INFO:root:Task title_principals completed successfully.
ERROR:root:File not found at: C:\Users\iOLAPAcademy2023\Projects\meljuga-academy-python\Final\data\landing\title_principals\2023-08-03.csv
INFO:root:Task title_principals completed successfully.
ERROR:root:File not found at: C:\Users\iOLAPAcademy2023\Projects\meljuga-academy-python\Final\data\landing\title_principals\2023-08-03.csv
INFO:root:Task title_principals completed successfully.
ERROR:root:File not found at: C:\Users\iOLAPAcademy2023\Projects\meljuga-academy-python\Final\data\landing\title_principals\2023-08-03.csv
INFO:root:Task title_principals completed successfully.
ERROR:root:File not found at: C:\Users\iOLAPAcademy2023\Projects\meljuga-academy-python\Final\data\landing\title_principals\2023-08-03.csv
INFO:root:Task title_principals completed successfully.
ERROR:root:File not found at: C:\Users\iOLAPAcademy2023\Projects\meljuga-academy-python\Final\data\landing\title_principals\2023-08-03.csv
INFO:root:Task title_principals completed successfully.
ERROR:root:File not found at: C:\Users\iOLAPAcademy2023\Projects\meljuga-academy-python\Final\data\landing\title_principals\2023-08-03.csv
INFO:root:Task title_principals completed successfully.
ERROR:root:File not found at: C:\Users\iOLAPAcademy2023\Projects\meljuga-academy-python\Final\data\landing\title_principals\2023-08-03.csv
INFO:root:Task title_principals completed successfully.
ERROR:root:File not found at: C:\Users\iOLAPAcademy2023\Projects\meljuga-academy-python\Final\data\landing\title_principals\2023-08-03.csv
INFO:root:Task title_principals completed successfully.
ERROR:root:File not found at: C:\Users\iOLAPAcademy2023\Projects\meljuga-academy-python\Final\data\landing\title_principals\2023-08-03.csv
INFO:root:Task title_principals completed successfully.
ERROR:root:File not found at: C:\Users\iOLAPAcademy2023\Projects\meljuga-academy-python\Final\data\landing\title_principals\2023-08-03.csv
INFO:root:Task title_principals completed successfully.
ERROR:root:File not found at: C:\Users\iOLAPAcademy2023\Projects\meljuga-academy-python\Final\data\landing\title_principals\2023-08-03.csv
INFO:root:Task title_principals completed successfully.
ERROR:root:File not found at: C:\Users\iOLAPAcademy2023\Projects\meljuga-academy-python\Final\data\landing\title_principals\2023-08-03.csv
INFO:root:Task title_principals completed successfully.
ERROR:root:File not found at: C:\Users\iOLAPAcademy2023\Projects\meljuga-academy-python\Final\data\landing\title_principals\2023-08-03.csv
INFO:root:Task title_principals completed successfully.
ERROR:root:File not found at: C:\Users\iOLAPAcademy2023\Projects\meljuga-academy-python\Final\data\landing\title_principals\2023-08-03.csv
