INFO:root:Task title_ratings completed successfully.
INFO:root:Saved data to datalake for table title_ratings.
INFO:botocore.credentials:Credentials found in config file: ~/.aws/config
INFO:botocore.credentials:Credentials found in config file: ~/.aws/config
INFO:root:Task title_ratings completed successfully.
INFO:root:Saved data to datalake for table title_ratings.
INFO:botocore.credentials:Credentials found in config file: ~/.aws/config
INFO:botocore.credentials:Credentials found in config file: ~/.aws/config
INFO:root:Task title_ratings completed successfully.
INFO:root:Saved data to datalake for table title_ratings.
INFO:botocore.credentials:Credentials found in config file: ~/.aws/config
INFO:botocore.credentials:Credentials found in config file: ~/.aws/config
INFO:root:Task title_ratings completed successfully.
INFO:root:Saved data to datalake for table title_ratings.
INFO:botocore.credentials:Credentials found in config file: ~/.aws/config
INFO:botocore.credentials:Credentials found in config file: ~/.aws/config
INFO:root:Task title_ratings completed successfully.
INFO:root:Saved data to datalake for table title_ratings.
INFO:botocore.credentials:Credentials found in config file: ~/.aws/config
INFO:botocore.credentials:Credentials found in config file: ~/.aws/config
INFO:root:Task title_crew completed successfully.
INFO:root:Saved data to datalake for table title_crew.
INFO:botocore.credentials:Credentials found in config file: ~/.aws/config
INFO:botocore.credentials:Credentials found in config file: ~/.aws/config
INFO:root:Task title_crew completed successfully.
INFO:root:Saved data to datalake for table title_crew.
INFO:botocore.credentials:Credentials found in config file: ~/.aws/config
INFO:botocore.credentials:Credentials found in config file: ~/.aws/config
INFO:root:Task title_crew completed successfully.
INFO:root:Saved data to datalake for table title_crew.
INFO:botocore.credentials:Credentials found in config file: ~/.aws/config
INFO:botocore.credentials:Credentials found in config file: ~/.aws/config
INFO:root:Task title_crew completed successfully.
INFO:root:Saved data to datalake for table title_crew.
INFO:botocore.credentials:Credentials found in config file: ~/.aws/config
INFO:botocore.credentials:Credentials found in config file: ~/.aws/config
INFO:root:Task title_crew completed successfully.
INFO:root:Saved data to datalake for table title_crew.
INFO:botocore.credentials:Credentials found in config file: ~/.aws/config
INFO:botocore.credentials:Credentials found in config file: ~/.aws/config
INFO:root:Task name_basics completed successfully.
INFO:root:Saved data to datalake for table name_basics.
INFO:botocore.credentials:Credentials found in config file: ~/.aws/config
INFO:botocore.credentials:Credentials found in config file: ~/.aws/config
INFO:root:Task name_basics completed successfully.
INFO:root:Saved data to datalake for table name_basics.
INFO:botocore.credentials:Credentials found in config file: ~/.aws/config
INFO:botocore.credentials:Credentials found in config file: ~/.aws/config
INFO:root:Task name_basics completed successfully.
INFO:root:Saved data to datalake for table name_basics.
INFO:botocore.credentials:Credentials found in config file: ~/.aws/config
INFO:botocore.credentials:Credentials found in config file: ~/.aws/config
INFO:root:Task name_basics completed successfully.
INFO:root:Saved data to datalake for table name_basics.
INFO:botocore.credentials:Credentials found in config file: ~/.aws/config
INFO:botocore.credentials:Credentials found in config file: ~/.aws/config
INFO:root:Task name_basics completed successfully.
INFO:root:Saved data to datalake for table name_basics.
INFO:botocore.credentials:Credentials found in config file: ~/.aws/config
INFO:botocore.credentials:Credentials found in config file: ~/.aws/config
INFO:root:Task name_basics completed successfully.
INFO:root:Saved data to datalake for table name_basics.
INFO:botocore.credentials:Credentials found in config file: ~/.aws/config
INFO:botocore.credentials:Credentials found in config file: ~/.aws/config
INFO:root:Task name_basics completed successfully.
INFO:root:Saved data to datalake for table name_basics.
INFO:botocore.credentials:Credentials found in config file: ~/.aws/config
INFO:botocore.credentials:Credentials found in config file: ~/.aws/config
INFO:root:Task name_basics completed successfully.
INFO:root:Saved data to datalake for table name_basics.
INFO:botocore.credentials:Credentials found in config file: ~/.aws/config
INFO:botocore.credentials:Credentials found in config file: ~/.aws/config
INFO:root:Task name_basics completed successfully.
INFO:root:Saved data to datalake for table name_basics.
INFO:botocore.credentials:Credentials found in config file: ~/.aws/config
INFO:botocore.credentials:Credentials found in config file: ~/.aws/config
INFO:root:Task name_basics completed successfully.
INFO:root:Saved data to datalake for table name_basics.
INFO:botocore.credentials:Credentials found in config file: ~/.aws/config
INFO:botocore.credentials:Credentials found in config file: ~/.aws/config
INFO:root:Task name_basics completed successfully.
INFO:root:Saved data to datalake for table name_basics.
INFO:botocore.credentials:Credentials found in config file: ~/.aws/config
INFO:botocore.credentials:Credentials found in config file: ~/.aws/config
INFO:root:Task name_basics completed successfully.
INFO:root:Saved data to datalake for table name_basics.
INFO:botocore.credentials:Credentials found in config file: ~/.aws/config
INFO:botocore.credentials:Credentials found in config file: ~/.aws/config
INFO:root:Task title_basics completed successfully.
INFO:root:Saved data to datalake for table title_basics.
INFO:botocore.credentials:Credentials found in config file: ~/.aws/config
INFO:botocore.credentials:Credentials found in config file: ~/.aws/config
INFO:root:Task title_basics completed successfully.
INFO:root:Saved data to datalake for table title_basics.
INFO:botocore.credentials:Credentials found in config file: ~/.aws/config
INFO:botocore.credentials:Credentials found in config file: ~/.aws/config
INFO:root:Task title_basics completed successfully.
INFO:root:Saved data to datalake for table title_basics.
INFO:botocore.credentials:Credentials found in config file: ~/.aws/config
INFO:botocore.credentials:Credentials found in config file: ~/.aws/config
INFO:root:Task title_basics completed successfully.
INFO:root:Saved data to datalake for table title_basics.
INFO:botocore.credentials:Credentials found in config file: ~/.aws/config
INFO:botocore.credentials:Credentials found in config file: ~/.aws/config
INFO:root:Task title_basics completed successfully.
INFO:root:Saved data to datalake for table title_basics.
INFO:botocore.credentials:Credentials found in config file: ~/.aws/config
INFO:botocore.credentials:Credentials found in config file: ~/.aws/config
INFO:root:Task title_principals completed successfully.
INFO:root:Saved data to datalake for table title_principals.
INFO:botocore.credentials:Credentials found in config file: ~/.aws/config
INFO:botocore.credentials:Credentials found in config file: ~/.aws/config
INFO:root:Task title_principals completed successfully.
INFO:root:Saved data to datalake for table title_principals.
INFO:botocore.credentials:Credentials found in config file: ~/.aws/config
INFO:botocore.credentials:Credentials found in config file: ~/.aws/config
INFO:root:Task title_principals completed successfully.
INFO:root:Saved data to datalake for table title_principals.
INFO:botocore.credentials:Credentials found in config file: ~/.aws/config
INFO:botocore.credentials:Credentials found in config file: ~/.aws/config
INFO:root:Task title_principals completed successfully.
INFO:root:Saved data to datalake for table title_principals.
INFO:botocore.credentials:Credentials found in config file: ~/.aws/config
INFO:botocore.credentials:Credentials found in config file: ~/.aws/config
INFO:root:Task title_principals completed successfully.
INFO:root:Saved data to datalake for table title_principals.
INFO:botocore.credentials:Credentials found in config file: ~/.aws/config
INFO:botocore.credentials:Credentials found in config file: ~/.aws/config
INFO:root:Task title_principals completed successfully.
INFO:root:Saved data to datalake for table title_principals.
INFO:botocore.credentials:Credentials found in config file: ~/.aws/config
INFO:botocore.credentials:Credentials found in config file: ~/.aws/config
INFO:root:Task title_principals completed successfully.
INFO:root:Saved data to datalake for table title_principals.
INFO:botocore.credentials:Credentials found in config file: ~/.aws/config
INFO:botocore.credentials:Credentials found in config file: ~/.aws/config
INFO:root:Task title_principals completed successfully.
INFO:root:Saved data to datalake for table title_principals.
INFO:botocore.credentials:Credentials found in config file: ~/.aws/config
INFO:botocore.credentials:Credentials found in config file: ~/.aws/config
INFO:root:Task title_principals completed successfully.
INFO:root:Saved data to datalake for table title_principals.
INFO:botocore.credentials:Credentials found in config file: ~/.aws/config
INFO:botocore.credentials:Credentials found in config file: ~/.aws/config
INFO:root:Task title_principals completed successfully.
INFO:root:Saved data to datalake for table title_principals.
INFO:botocore.credentials:Credentials found in config file: ~/.aws/config
INFO:botocore.credentials:Credentials found in config file: ~/.aws/config
INFO:root:Task title_principals completed successfully.
INFO:root:Saved data to datalake for table title_principals.
INFO:botocore.credentials:Credentials found in config file: ~/.aws/config
INFO:botocore.credentials:Credentials found in config file: ~/.aws/config
INFO:root:Task title_principals completed successfully.
INFO:root:Saved data to datalake for table title_principals.
INFO:botocore.credentials:Credentials found in config file: ~/.aws/config
INFO:botocore.credentials:Credentials found in config file: ~/.aws/config
INFO:root:Task title_principals completed successfully.
INFO:root:Saved data to datalake for table title_principals.
INFO:botocore.credentials:Credentials found in config file: ~/.aws/config
INFO:botocore.credentials:Credentials found in config file: ~/.aws/config
INFO:root:Task title_principals completed successfully.
INFO:root:Saved data to datalake for table title_principals.
INFO:botocore.credentials:Credentials found in config file: ~/.aws/config
INFO:botocore.credentials:Credentials found in config file: ~/.aws/config
INFO:root:Task title_principals completed successfully.
INFO:root:Saved data to datalake for table title_principals.
INFO:botocore.credentials:Credentials found in config file: ~/.aws/config
INFO:botocore.credentials:Credentials found in config file: ~/.aws/config
INFO:root:Task title_principals completed successfully.
INFO:root:Saved data to datalake for table title_principals.
INFO:botocore.credentials:Credentials found in config file: ~/.aws/config
INFO:botocore.credentials:Credentials found in config file: ~/.aws/config
INFO:root:Task title_principals completed successfully.
INFO:root:Saved data to datalake for table title_principals.
INFO:botocore.credentials:Credentials found in config file: ~/.aws/config
INFO:botocore.credentials:Credentials found in config file: ~/.aws/config
INFO:root:Task title_principals completed successfully.
INFO:root:Saved data to datalake for table title_principals.
INFO:botocore.credentials:Credentials found in config file: ~/.aws/config
INFO:botocore.credentials:Credentials found in config file: ~/.aws/config
INFO:root:Task title_principals completed successfully.
INFO:root:Saved data to datalake for table title_principals.
INFO:botocore.credentials:Credentials found in config file: ~/.aws/config
INFO:botocore.credentials:Credentials found in config file: ~/.aws/config
INFO:root:Task title_principals completed successfully.
INFO:root:Saved data to datalake for table title_principals.
INFO:botocore.credentials:Credentials found in config file: ~/.aws/config
INFO:botocore.credentials:Credentials found in config file: ~/.aws/config
INFO:root:Task title_principals completed successfully.
INFO:root:Saved data to datalake for table title_principals.
INFO:botocore.credentials:Credentials found in config file: ~/.aws/config
INFO:botocore.credentials:Credentials found in config file: ~/.aws/config
INFO:root:Task title_principals completed successfully.
INFO:root:Saved data to datalake for table title_principals.
INFO:botocore.credentials:Credentials found in config file: ~/.aws/config
INFO:botocore.credentials:Credentials found in config file: ~/.aws/config
INFO:root:Task title_principals completed successfully.
INFO:root:Saved data to datalake for table title_principals.
INFO:botocore.credentials:Credentials found in config file: ~/.aws/config
INFO:botocore.credentials:Credentials found in config file: ~/.aws/config
INFO:root:Task title_principals completed successfully.
INFO:root:Saved data to datalake for table title_principals.
INFO:botocore.credentials:Credentials found in config file: ~/.aws/config
INFO:botocore.credentials:Credentials found in config file: ~/.aws/config
INFO:root:Task title_principals completed successfully.
INFO:root:Saved data to datalake for table title_principals.
INFO:botocore.credentials:Credentials found in config file: ~/.aws/config
INFO:botocore.credentials:Credentials found in config file: ~/.aws/config
INFO:root:Task title_principals completed successfully.
INFO:root:Saved data to datalake for table title_principals.
INFO:botocore.credentials:Credentials found in config file: ~/.aws/config
INFO:botocore.credentials:Credentials found in config file: ~/.aws/config
INFO:root:Task title_principals completed successfully.
INFO:root:Saved data to datalake for table title_principals.
INFO:botocore.credentials:Credentials found in config file: ~/.aws/config
INFO:botocore.credentials:Credentials found in config file: ~/.aws/config
INFO:root:Task title_principals completed successfully.
INFO:root:Saved data to datalake for table title_principals.
INFO:botocore.credentials:Credentials found in config file: ~/.aws/config
INFO:botocore.credentials:Credentials found in config file: ~/.aws/config
INFO:root:Task title_principals completed successfully.
INFO:root:Saved data to datalake for table title_principals.
INFO:botocore.credentials:Credentials found in config file: ~/.aws/config
INFO:botocore.credentials:Credentials found in config file: ~/.aws/config
INFO:root:Task title_principals completed successfully.
INFO:root:Saved data to datalake for table title_principals.
INFO:botocore.credentials:Credentials found in config file: ~/.aws/config
INFO:botocore.credentials:Credentials found in config file: ~/.aws/config
INFO:root:Task title_principals completed successfully.
INFO:root:Saved data to datalake for table title_principals.
INFO:botocore.credentials:Credentials found in config file: ~/.aws/config
INFO:botocore.credentials:Credentials found in config file: ~/.aws/config
