INFO:root:Task title_ratings completed successfully.
INFO:root:Task title_ratings completed successfully.
INFO:root:Task title_ratings completed successfully.
INFO:root:Task title_ratings completed successfully.
INFO:root:Task title_crew completed successfully.
INFO:root:Task title_crew completed successfully.
INFO:root:Task title_crew completed successfully.
INFO:root:Task title_crew completed successfully.
INFO:root:Task name_basics completed successfully.
INFO:root:Task name_basics completed successfully.
INFO:root:Task name_basics completed successfully.
INFO:root:Task name_basics completed successfully.
INFO:root:Task name_basics completed successfully.
INFO:root:Task name_basics completed successfully.
INFO:root:Task name_basics completed successfully.
INFO:root:Task name_basics completed successfully.
INFO:root:Task name_basics completed successfully.
INFO:root:Task title_basics completed successfully.
INFO:root:Task title_basics completed successfully.
INFO:root:Task title_basics completed successfully.
INFO:root:Task title_basics completed successfully.
INFO:root:Task title_principals completed successfully.
INFO:root:Task title_principals completed successfully.
INFO:root:Task title_principals completed successfully.
INFO:root:Task title_principals completed successfully.
INFO:root:Task title_principals completed successfully.
INFO:root:Task title_principals completed successfully.
INFO:root:Task title_principals completed successfully.
INFO:root:Task title_principals completed successfully.
INFO:root:Task title_principals completed successfully.
INFO:root:Task title_principals completed successfully.
INFO:root:Task title_principals completed successfully.
INFO:root:Task title_principals completed successfully.
INFO:root:Task title_principals completed successfully.
INFO:root:Task title_principals completed successfully.
INFO:root:Task title_principals completed successfully.
INFO:root:Task title_principals completed successfully.
INFO:root:Task title_principals completed successfully.
INFO:root:Task title_principals completed successfully.
INFO:root:Task title_principals completed successfully.
INFO:root:Task title_principals completed successfully.
INFO:root:Task title_principals completed successfully.
INFO:root:Task title_principals completed successfully.
INFO:root:Task title_principals completed successfully.
INFO:root:Task title_principals completed successfully.
INFO:root:Task title_principals completed successfully.
